<?xml version="1.0" encoding="UTF-8"?>
<testng-results ignored="0" total="1" passed="1" failed="0" skipped="0">
  <reporter-output>
  </reporter-output>
  <suite started-at="2025-12-08T14:09:48 IST" name="SampleSuite" finished-at="2025-12-08T14:09:53 IST" duration-ms="5693">
    <groups>
    </groups>
    <test started-at="2025-12-08T14:09:48 IST" name="Demo Tests" finished-at="2025-12-08T14:09:53 IST" duration-ms="5693">
      <class name="example.DemoTest">
        <test-method signature="testGoogleTitle()[pri:0, instance:example.DemoTest@48ae9b55]" started-at="2025-12-08T14:09:48 IST" name="testGoogleTitle" finished-at="2025-12-08T14:09:53 IST" duration-ms="5627" status="PASS">
          <reporter-output>
          </reporter-output>
        </test-method> <!-- testGoogleTitle -->
      </class> <!-- example.DemoTest -->
    </test> <!-- Demo Tests -->
  </suite> <!-- SampleSuite -->
</testng-results>
